# JRE version: Java(TM) SE Runtime Environment (8.0_31-b13) (build 1.8.0_31-b13)
# Java VM: Java HotSpot(TM) 64-Bit Server VM (25.31-b07 mixed mode windows-amd64 compressed oops)
Heap:
 PSYoungGen      total 138240K, used 16681K [0x00000000d5d00000, 0x00000000e4880000, 0x0000000100000000)
  eden space 133120K, 12% used [0x00000000d5d00000,0x00000000d6d4a538,0x00000000ddf00000)
  from space 5120K, 0% used [0x00000000ddf00000,0x00000000ddf00000,0x00000000de400000)
  to   space 11776K, 0% used [0x00000000e3d00000,0x00000000e3d00000,0x00000000e4880000)
 ParOldGen       total 81408K, used 16831K [0x0000000081600000, 0x0000000086580000, 0x00000000d5d00000)
  object space 81408K, 20% used [0x0000000081600000,0x000000008266fd30,0x0000000086580000)
 Metaspace       used 37529K, capacity 38320K, committed 38400K, reserved 1083392K
  class space    used 5198K, capacity 5345K, committed 5376K, reserved 1048576K
GC Heap History (10 events):
Event: 2.261 GC heap before
{Heap before GC invocations=3 (full 0):
 PSYoungGen      total 71680K, used 71649K [0x00000000d5d00000, 0x00000000da800000, 0x0000000100000000)
  eden space 66560K, 99% used [0x00000000d5d00000,0x00000000d9df9708,0x00000000d9e00000)
  from space 5120K, 99% used [0x00000000da300000,0x00000000da7fee70,0x00000000da800000)
  to   space 5120K, 0% used [0x00000000d9e00000,0x00000000d9e00000,0x00000000da300000)
 ParOldGen       total 87552K, used 280K [0x0000000081600000, 0x0000000086b80000, 0x00000000d5d00000)
  object space 87552K, 0% used [0x0000000081600000,0x0000000081646298,0x0000000086b80000)
 Metaspace       used 18365K, capacity 18686K, committed 18816K, reserved 1064960K
  class space    used 2318K, capacity 2423K, committed 2432K, reserved 1048576K
Event: 2.271 GC heap after
Heap after GC invocations=3 (full 0):
 PSYoungGen      total 71680K, used 5099K [0x00000000d5d00000, 0x00000000de900000, 0x0000000100000000)
  eden space 66560K, 0% used [0x00000000d5d00000,0x00000000d5d00000,0x00000000d9e00000)
  from space 5120K, 99% used [0x00000000d9e00000,0x00000000da2fafe0,0x00000000da300000)
  to   space 5120K, 0% used [0x00000000de400000,0x00000000de400000,0x00000000de900000)
 ParOldGen       total 87552K, used 3843K [0x0000000081600000, 0x0000000086b80000, 0x00000000d5d00000)
  object space 87552K, 4% used [0x0000000081600000,0x00000000819c0da0,0x0000000086b80000)
 Metaspace       used 18365K, capacity 18686K, committed 18816K, reserved 1064960K
  class space    used 2318K, capacity 2423K, committed 2432K, reserved 1048576K
}
Event: 2.484 GC heap before
{Heap before GC invocations=4 (full 0):
 PSYoungGen      total 71680K, used 29719K [0x00000000d5d00000, 0x00000000de900000, 0x0000000100000000)
  eden space 66560K, 36% used [0x00000000d5d00000,0x00000000d750ae50,0x00000000d9e00000)
  from space 5120K, 99% used [0x00000000d9e00000,0x00000000da2fafe0,0x00000000da300000)
  to   space 5120K, 0% used [0x00000000de400000,0x00000000de400000,0x00000000de900000)
 ParOldGen       total 87552K, used 3843K [0x0000000081600000, 0x0000000086b80000, 0x00000000d5d00000)
  object space 87552K, 4% used [0x0000000081600000,0x00000000819c0da0,0x0000000086b80000)
 Metaspace       used 20772K, capacity 21054K, committed 21248K, reserved 1067008K
  class space    used 2660K, capacity 2743K, committed 2816K, reserved 1048576K
Event: 2.513 GC heap after
Heap after GC invocations=4 (full 0):
 PSYoungGen      total 138240K, used 5090K [0x00000000d5d00000, 0x00000000de900000, 0x0000000100000000)
  eden space 133120K, 0% used [0x00000000d5d00000,0x00000000d5d00000,0x00000000ddf00000)
  from space 5120K, 99% used [0x00000000de400000,0x00000000de8f8908,0x00000000de900000)
  to   space 5120K, 0% used [0x00000000ddf00000,0x00000000ddf00000,0x00000000de400000)
 ParOldGen       total 87552K, used 6093K [0x0000000081600000, 0x0000000086b80000, 0x00000000d5d00000)
  object space 87552K, 6% used [0x0000000081600000,0x0000000081bf34b0,0x0000000086b80000)
 Metaspace       used 20772K, capacity 21054K, committed 21248K, reserved 1067008K
  class space    used 2660K, capacity 2743K, committed 2816K, reserved 1048576K
}
Event: 2.513 GC heap before
{Heap before GC invocations=5 (full 1):
 PSYoungGen      total 138240K, used 5090K [0x00000000d5d00000, 0x00000000de900000, 0x0000000100000000)
  eden space 133120K, 0% used [0x00000000d5d00000,0x00000000d5d00000,0x00000000ddf00000)
  from space 5120K, 99% used [0x00000000de400000,0x00000000de8f8908,0x00000000de900000)
  to   space 5120K, 0% used [0x00000000ddf00000,0x00000000ddf00000,0x00000000de400000)
 ParOldGen       total 87552K, used 6093K [0x0000000081600000, 0x0000000086b80000, 0x00000000d5d00000)
  object space 87552K, 6% used [0x0000000081600000,0x0000000081bf34b0,0x0000000086b80000)
 Metaspace       used 20772K, capacity 21054K, committed 21248K, reserved 1067008K
  class space    used 2660K, capacity 2743K, committed 2816K, reserved 1048576K
Event: 2.559 GC heap after
Heap after GC invocations=5 (full 1):
 PSYoungGen      total 138240K, used 0K [0x00000000d5d00000, 0x00000000de900000, 0x0000000100000000)
  eden space 133120K, 0% used [0x00000000d5d00000,0x00000000d5d00000,0x00000000ddf00000)
  from space 5120K, 0% used [0x00000000de400000,0x00000000de400000,0x00000000de900000)
  to   space 5120K, 0% used [0x00000000ddf00000,0x00000000ddf00000,0x00000000de400000)
 ParOldGen       total 55296K, used 7703K [0x0000000081600000, 0x0000000084c00000, 0x00000000d5d00000)
  object space 55296K, 13% used [0x0000000081600000,0x0000000081d85e70,0x0000000084c00000)
 Metaspace       used 20770K, capacity 21052K, committed 21248K, reserved 1067008K
  class space    used 2659K, capacity 2742K, committed 2816K, reserved 1048576K
}
Event: 9.067 GC heap before
{Heap before GC invocations=6 (full 1):
 PSYoungGen      total 138240K, used 80368K [0x00000000d5d00000, 0x00000000de900000, 0x0000000100000000)
  eden space 133120K, 60% used [0x00000000d5d00000,0x00000000dab7c340,0x00000000ddf00000)
  from space 5120K, 0% used [0x00000000de400000,0x00000000de400000,0x00000000de900000)
  to   space 5120K, 0% used [0x00000000ddf00000,0x00000000ddf00000,0x00000000de400000)
 ParOldGen       total 55296K, used 7703K [0x0000000081600000, 0x0000000084c00000, 0x00000000d5d00000)
  object space 55296K, 13% used [0x0000000081600000,0x0000000081d85e70,0x0000000084c00000)
 Metaspace       used 34839K, capacity 35354K, committed 35416K, reserved 1079296K
  class space    used 4738K, capacity 4844K, committed 4864K, reserved 1048576K
Event: 9.085 GC heap after
Heap after GC invocations=6 (full 1):
 PSYoungGen      total 138240K, used 5088K [0x00000000d5d00000, 0x00000000e4880000, 0x0000000100000000)
  eden space 133120K, 0% used [0x00000000d5d00000,0x00000000d5d00000,0x00000000ddf00000)
  from space 5120K, 99% used [0x00000000ddf00000,0x00000000de3f8030,0x00000000de400000)
  to   space 11776K, 0% used [0x00000000e3d00000,0x00000000e3d00000,0x00000000e4880000)
 ParOldGen       total 55296K, used 13875K [0x0000000081600000, 0x0000000084c00000, 0x00000000d5d00000)
  object space 55296K, 25% used [0x0000000081600000,0x000000008238ccd8,0x0000000084c00000)
 Metaspace       used 34839K, capacity 35354K, committed 35416K, reserved 1079296K
  class space    used 4738K, capacity 4844K, committed 4864K, reserved 1048576K
}
Event: 9.085 GC heap before
{Heap before GC invocations=7 (full 2):
 PSYoungGen      total 138240K, used 5088K [0x00000000d5d00000, 0x00000000e4880000, 0x0000000100000000)
  eden space 133120K, 0% used [0x00000000d5d00000,0x00000000d5d00000,0x00000000ddf00000)
  from space 5120K, 99% used [0x00000000ddf00000,0x00000000de3f8030,0x00000000de400000)
  to   space 11776K, 0% used [0x00000000e3d00000,0x00000000e3d00000,0x00000000e4880000)
 ParOldGen       total 55296K, used 13875K [0x0000000081600000, 0x0000000084c00000, 0x00000000d5d00000)
  object space 55296K, 25% used [0x0000000081600000,0x000000008238ccd8,0x0000000084c00000)
 Metaspace       used 34839K, capacity 35354K, committed 35416K, reserved 1079296K
  class space    used 4738K, capacity 4844K, committed 4864K, reserved 1048576K
Event: 9.158 GC heap after
Heap after GC invocations=7 (full 2):
 PSYoungGen      total 138240K, used 0K [0x00000000d5d00000, 0x00000000e4880000, 0x0000000100000000)
  eden space 133120K, 0% used [0x00000000d5d00000,0x00000000d5d00000,0x00000000ddf00000)
  from space 5120K, 0% used [0x00000000ddf00000,0x00000000ddf00000,0x00000000de400000)
  to   space 11776K, 0% used [0x00000000e3d00000,0x00000000e3d00000,0x00000000e4880000)
 ParOldGen       total 81408K, used 16831K [0x0000000081600000, 0x0000000086580000, 0x00000000d5d00000)
  object space 81408K, 20% used [0x0000000081600000,0x000000008266fd30,0x0000000086580000)
 Metaspace       used 34839K, capacity 35354K, committed 35416K, reserved 1079296K
  class space    used 4738K, capacity 4844K, committed 4864K, reserved 1048576K
}

